1543509888643	mozrunner::runner	INFO	Running command: "/usr/bin/firefox" "-marionette" "-foreground" "-no-remote" "-profile" "/tmp/rust_mozprofile.AHMLjtIek8Lc"
1543509893158	Marionette	INFO	Listening on port 34423
1543509893257	Marionette	WARN	TLS certificate errors will be ignored for this session
1543510310448	mozrunner::runner	INFO	Running command: "/usr/bin/firefox" "-marionette" "-foreground" "-no-remote" "-profile" "/tmp/rust_mozprofile.CfE8yujaPCY6"
1543510314281	Marionette	INFO	Listening on port 41265
1543510314358	Marionette	WARN	TLS certificate errors will be ignored for this session
console.log: Accessibility service init or shutdown observer does not exist.
console.log: Accessibility service init or shutdown observer does not exist.
1543510529107	mozrunner::runner	INFO	Running command: "/usr/bin/firefox" "-marionette" "-foreground" "-no-remote" "-profile" "/tmp/rust_mozprofile.sVWEilCHwVTK"
1543510532788	Marionette	INFO	Listening on port 39193
1543510532827	Marionette	WARN	TLS certificate errors will be ignored for this session
console.log: Accessibility service init or shutdown observer does not exist.
*** UTM:SVC TimerManager:registerTimer called after profile-before-change notification. Ignoring timer registration for id: telemetry_modules_ping
1543510571368	mozrunner::runner	INFO	Running command: "/usr/bin/firefox" "-marionette" "-foreground" "-no-remote" "-profile" "/tmp/rust_mozprofile.Xgvdx6VbDS51"
1543510574953	Marionette	INFO	Listening on port 38047
1543510574983	Marionette	WARN	TLS certificate errors will be ignored for this session
console.log: Accessibility service init or shutdown observer does not exist.
1543510774605	mozrunner::runner	INFO	Running command: "/usr/bin/firefox" "-marionette" "-foreground" "-no-remote" "-profile" "/tmp/rust_mozprofile.2f7qzGlPx3Y6"
1543510778254	Marionette	INFO	Listening on port 35137
1543510778316	Marionette	WARN	TLS certificate errors will be ignored for this session
[Parent 5255, Gecko_IOThread] WARNING: pipe error (49): Connection reset by peer: file /build/firefox-esr-NNQYVZ/firefox-esr-60.3.0esr/ipc/chromium/src/chrome/common/ipc_channel_posix.cc, line 353
console.log: Accessibility service init or shutdown observer does not exist.
1543510874315	mozrunner::runner	INFO	Running command: "/usr/bin/firefox" "-marionette" "-foreground" "-no-remote" "-profile" "/tmp/rust_mozprofile.tu4FkGGkGLSA"
1543510877886	Marionette	INFO	Listening on port 39851
1543510877927	Marionette	WARN	TLS certificate errors will be ignored for this session
1543511002846	mozrunner::runner	INFO	Running command: "/usr/bin/firefox" "-marionette" "-foreground" "-no-remote" "-profile" "/tmp/rust_mozprofile.oh5nA8RHAjuJ"
IPDL protocol error: Handler returned error code!

###!!! [Parent][DispatchAsyncMessage] Error: PLayerTransaction::Msg_ReleaseLayer Processing error: message was deserialized, but the handler returned false (indicating failure)

console.log: Accessibility service init or shutdown observer does not exist.
1543511006643	Marionette	INFO	Listening on port 40485
1543511006669	Marionette	WARN	TLS certificate errors will be ignored for this session
console.log: Accessibility service init or shutdown observer does not exist.
1543511103063	mozrunner::runner	INFO	Running command: "/usr/bin/firefox" "-marionette" "-foreground" "-no-remote" "-profile" "/tmp/rust_mozprofile.as64cCneySBR"
1543511106694	Marionette	INFO	Listening on port 46437
1543511106773	Marionette	WARN	TLS certificate errors will be ignored for this session
1543511289309	mozrunner::runner	INFO	Running command: "/usr/bin/firefox" "-marionette" "-foreground" "-no-remote" "-profile" "/tmp/rust_mozprofile.R6qaMnfEVeOJ"
1543511293160	Marionette	INFO	Listening on port 33495
1543511293221	Marionette	WARN	TLS certificate errors will be ignored for this session
1543511356070	mozrunner::runner	INFO	Running command: "/usr/bin/firefox" "-marionette" "-foreground" "-no-remote" "-profile" "/tmp/rust_mozprofile.iSM3HbLzjLoi"
console.log: Accessibility service init or shutdown observer does not exist.
console.log: Accessibility service init or shutdown observer does not exist.
1543511360613	Marionette	INFO	Listening on port 34439
1543511360683	Marionette	WARN	TLS certificate errors will be ignored for this session
console.log: Accessibility service init or shutdown observer does not exist.
1543511653453	mozrunner::runner	INFO	Running command: "/usr/bin/firefox" "-marionette" "-foreground" "-no-remote" "-profile" "/tmp/rust_mozprofile.sN1rW7MCNgwt"
1543511657133	Marionette	INFO	Listening on port 35941
1543511657166	Marionette	WARN	TLS certificate errors will be ignored for this session
console.log: Accessibility service init or shutdown observer does not exist.
1543511799124	mozrunner::runner	INFO	Running command: "/usr/bin/firefox" "-marionette" "-foreground" "-no-remote" "-profile" "/tmp/rust_mozprofile.dBAwroBVki0V"
1543511802660	Marionette	INFO	Listening on port 44035
1543511802754	Marionette	WARN	TLS certificate errors will be ignored for this session
console.log: Accessibility service init or shutdown observer does not exist.
*** UTM:SVC TimerManager:registerTimer called after profile-before-change notification. Ignoring timer registration for id: telemetry_modules_ping
1543512258265	mozrunner::runner	INFO	Running command: "/usr/bin/firefox" "-marionette" "-foreground" "-no-remote" "-profile" "/tmp/rust_mozprofile.CguDKQQg6IRv"
1543512262095	Marionette	INFO	Listening on port 35881
1543512262177	Marionette	WARN	TLS certificate errors will be ignored for this session
1543512280118	mozrunner::runner	INFO	Running command: "/usr/bin/firefox" "-marionette" "-foreground" "-no-remote" "-profile" "/tmp/rust_mozprofile.IPed6uXugQBc"
1543512283813	Marionette	INFO	Listening on port 43039
1543512283845	Marionette	WARN	TLS certificate errors will be ignored for this session
console.log: Accessibility service init or shutdown observer does not exist.
*** UTM:SVC TimerManager:registerTimer called after profile-before-change notification. Ignoring timer registration for id: telemetry_modules_ping
console.log: Accessibility service init or shutdown observer does not exist.
1543512459059	mozrunner::runner	INFO	Running command: "/usr/bin/firefox" "-marionette" "-foreground" "-no-remote" "-profile" "/tmp/rust_mozprofile.fSuFDslqebKX"
1543512462513	Marionette	INFO	Listening on port 45723
1543512462573	Marionette	WARN	TLS certificate errors will be ignored for this session
1543512625054	mozrunner::runner	INFO	Running command: "/usr/bin/firefox" "-marionette" "-foreground" "-no-remote" "-profile" "/tmp/rust_mozprofile.AFCkXuUAriuk"
1543512629361	Marionette	INFO	Listening on port 42229
1543512629371	Marionette	WARN	TLS certificate errors will be ignored for this session
console.log: Accessibility service init or shutdown observer does not exist.
console.log: Accessibility service init or shutdown observer does not exist.
*** UTM:SVC TimerManager:registerTimer called after profile-before-change notification. Ignoring timer registration for id: telemetry_modules_ping
1543512671540	mozrunner::runner	INFO	Running command: "/usr/bin/firefox" "-marionette" "-foreground" "-no-remote" "-profile" "/tmp/rust_mozprofile.7CUSvYZFpi8T"
1543512675253	Marionette	INFO	Listening on port 46469
1543512675351	Marionette	WARN	TLS certificate errors will be ignored for this session
IPDL protocol error: Handler returned error code!

###!!! [Parent][DispatchAsyncMessage] Error: PLayerTransaction::Msg_ReleaseLayer Processing error: message was deserialized, but the handler returned false (indicating failure)

console.log: Accessibility service init or shutdown observer does not exist.
*** UTM:SVC TimerManager:registerTimer called after profile-before-change notification. Ignoring timer registration for id: telemetry_modules_ping
1543512732343	mozrunner::runner	INFO	Running command: "/usr/bin/firefox" "-marionette" "-foreground" "-no-remote" "-profile" "/tmp/rust_mozprofile.oFEvKa0uTws7"
1543512735915	Marionette	INFO	Listening on port 45259
1543512735957	Marionette	WARN	TLS certificate errors will be ignored for this session
JavaScript warning: https://www.instagram.com/static/bundles/base/ConsumerCommons.js/b5876a51a898.js, line 1: unreachable code after return statement
JavaScript warning: https://www.instagram.com/static/bundles/base/ConsumerCommons.js/b5876a51a898.js, line 1: unreachable code after return statement
console.log: Accessibility service init or shutdown observer does not exist.
1543518518140	mozrunner::runner	INFO	Running command: "/usr/bin/firefox" "-marionette" "-foreground" "-no-remote" "-profile" "/tmp/rust_mozprofile.LQN3GG6zJdM3"
1543518522095	Marionette	INFO	Listening on port 40585
1543518522160	Marionette	WARN	TLS certificate errors will be ignored for this session
console.log: Accessibility service init or shutdown observer does not exist.
1543518937865	mozrunner::runner	INFO	Running command: "/usr/bin/firefox" "-marionette" "-foreground" "-no-remote" "-profile" "/tmp/rust_mozprofile.pXpXWKOs9b4y"
1543518941492	Marionette	INFO	Listening on port 35283
1543518941579	Marionette	WARN	TLS certificate errors will be ignored for this session
1543518995391	mozrunner::runner	INFO	Running command: "/usr/bin/firefox" "-marionette" "-foreground" "-no-remote" "-profile" "/tmp/rust_mozprofile.P04ty6iF5fQa"
1543518999042	Marionette	INFO	Listening on port 45551
1543518999103	Marionette	WARN	TLS certificate errors will be ignored for this session
console.log: Accessibility service init or shutdown observer does not exist.
*** UTM:SVC TimerManager:registerTimer called after profile-before-change notification. Ignoring timer registration for id: telemetry_modules_ping
console.log: Accessibility service init or shutdown observer does not exist.
1543519051254	mozrunner::runner	INFO	Running command: "/usr/bin/firefox" "-marionette" "-foreground" "-no-remote" "-profile" "/tmp/rust_mozprofile.Ut7rM6kWebXs"
1543519055037	Marionette	INFO	Listening on port 45139
1543519055069	Marionette	WARN	TLS certificate errors will be ignored for this session
1543519087396	mozrunner::runner	INFO	Running command: "/usr/bin/firefox" "-marionette" "-foreground" "-no-remote" "-profile" "/tmp/rust_mozprofile.cc7zt3XscfkH"
1543519091572	Marionette	INFO	Listening on port 41941
1543519091608	Marionette	WARN	TLS certificate errors will be ignored for this session
console.log: Accessibility service init or shutdown observer does not exist.
console.log: Accessibility service init or shutdown observer does not exist.
*** UTM:SVC TimerManager:registerTimer called after profile-before-change notification. Ignoring timer registration for id: telemetry_modules_ping
1543519127716	mozrunner::runner	INFO	Running command: "/usr/bin/firefox" "-marionette" "-foreground" "-no-remote" "-profile" "/tmp/rust_mozprofile.Esl9qv5OWxJN"
1543519131574	Marionette	INFO	Listening on port 45749
1543519131627	Marionette	WARN	TLS certificate errors will be ignored for this session
console.log: Accessibility service init or shutdown observer does not exist.
1543519310589	mozrunner::runner	INFO	Running command: "/usr/bin/firefox" "-marionette" "-foreground" "-no-remote" "-profile" "/tmp/rust_mozprofile.GqQafK8Q6XxO"
1543519314503	Marionette	INFO	Listening on port 40667
1543519314603	Marionette	WARN	TLS certificate errors will be ignored for this session
console.log: Accessibility service init or shutdown observer does not exist.
*** UTM:SVC TimerManager:registerTimer called after profile-before-change notification. Ignoring timer registration for id: telemetry_modules_ping
1543519342791	mozrunner::runner	INFO	Running command: "/usr/bin/firefox" "-marionette" "-foreground" "-no-remote" "-profile" "/tmp/rust_mozprofile.1FS01Az3Y16N"
1543519346671	Marionette	INFO	Listening on port 44179
1543519346713	Marionette	WARN	TLS certificate errors will be ignored for this session
console.log: Accessibility service init or shutdown observer does not exist.
1543520689886	mozrunner::runner	INFO	Running command: "/usr/bin/firefox" "-marionette" "-foreground" "-no-remote" "-profile" "/tmp/rust_mozprofile.6P57sqYV27Jo"
1543520694198	Marionette	INFO	Listening on port 45247
1543520694299	Marionette	WARN	TLS certificate errors will be ignored for this session
1543520789077	mozrunner::runner	INFO	Running command: "/usr/bin/firefox" "-marionette" "-foreground" "-no-remote" "-profile" "/tmp/rust_mozprofile.3XJP8nsQUJzY"
1543520793201	Marionette	INFO	Listening on port 33239
1543520793291	Marionette	WARN	TLS certificate errors will be ignored for this session
console.log: Accessibility service init or shutdown observer does not exist.
*** UTM:SVC TimerManager:registerTimer called after profile-before-change notification. Ignoring timer registration for id: telemetry_modules_ping
console.log: Accessibility service init or shutdown observer does not exist.
1543520838887	mozrunner::runner	INFO	Running command: "/usr/bin/firefox" "-marionette" "-foreground" "-no-remote" "-profile" "/tmp/rust_mozprofile.Okwt1KVA9lwB"
1543520842783	Marionette	INFO	Listening on port 42243
1543520842803	Marionette	WARN	TLS certificate errors will be ignored for this session
1543522480171	mozrunner::runner	INFO	Running command: "/usr/bin/firefox" "-marionette" "-foreground" "-no-remote" "-profile" "/tmp/rust_mozprofile.vDwhpcK39LhP"
1543522484130	Marionette	INFO	Listening on port 33187
1543522484194	Marionette	WARN	TLS certificate errors will be ignored for this session
1543523139644	mozrunner::runner	INFO	Running command: "/usr/bin/firefox" "-marionette" "-foreground" "-no-remote" "-profile" "/tmp/rust_mozprofile.EUbAvm40odGc"
1543523143740	Marionette	INFO	Listening on port 37981
1543523143761	Marionette	WARN	TLS certificate errors will be ignored for this session
1543523178839	mozrunner::runner	INFO	Running command: "/usr/bin/firefox" "-marionette" "-foreground" "-no-remote" "-profile" "/tmp/rust_mozprofile.sXm9ewag3Lxh"
1543523183137	Marionette	INFO	Listening on port 45275
1543523183153	Marionette	WARN	TLS certificate errors will be ignored for this session
1543523293475	mozrunner::runner	INFO	Running command: "/usr/bin/firefox" "-marionette" "-foreground" "-no-remote" "-profile" "/tmp/rust_mozprofile.NmPADRo1h9KB"
1543523297820	Marionette	INFO	Listening on port 44283
1543523297887	Marionette	WARN	TLS certificate errors will be ignored for this session
1543523478784	mozrunner::runner	INFO	Running command: "/usr/bin/firefox" "-marionette" "-foreground" "-no-remote" "-profile" "/tmp/rust_mozprofile.1y7Dr6YpZWsJ"
1543523482835	Marionette	INFO	Listening on port 39419
1543523482895	Marionette	WARN	TLS certificate errors will be ignored for this session
1543523516544	mozrunner::runner	INFO	Running command: "/usr/bin/firefox" "-marionette" "-foreground" "-no-remote" "-profile" "/tmp/rust_mozprofile.tz7omurq1xAu"
1543523520542	Marionette	INFO	Listening on port 33633
1543523520557	Marionette	WARN	TLS certificate errors will be ignored for this session
1543523636421	mozrunner::runner	INFO	Running command: "/usr/bin/firefox" "-marionette" "-foreground" "-no-remote" "-profile" "/tmp/rust_mozprofile.snvjIIzvw7fG"
1543523641403	Marionette	INFO	Listening on port 43131
1543523641450	Marionette	WARN	TLS certificate errors will be ignored for this session
console.log: Accessibility service init or shutdown observer does not exist.
console.log: Accessibility service init or shutdown observer does not exist.
console.log: Accessibility service init or shutdown observer does not exist.
console.log: Accessibility service init or shutdown observer does not exist.
console.log: Accessibility service init or shutdown observer does not exist.
console.log: Accessibility service init or shutdown observer does not exist.
console.log: Accessibility service init or shutdown observer does not exist.
console.log: Accessibility service init or shutdown observer does not exist.
*** UTM:SVC TimerManager:registerTimer called after profile-before-change notification. Ignoring timer registration for id: telemetry_modules_ping
1543523668391	mozrunner::runner	INFO	Running command: "/usr/bin/firefox" "-marionette" "-foreground" "-no-remote" "-profile" "/tmp/rust_mozprofile.VmAqKl2BwbCs"
1543523672487	Marionette	INFO	Listening on port 33923
1543523672507	Marionette	WARN	TLS certificate errors will be ignored for this session
1543523810426	mozrunner::runner	INFO	Running command: "/usr/bin/firefox" "-marionette" "-foreground" "-no-remote" "-profile" "/tmp/rust_mozprofile.uKwbCpmGCYyZ"
1543523814424	Marionette	INFO	Listening on port 36941
1543523814438	Marionette	WARN	TLS certificate errors will be ignored for this session
1543523966874	mozrunner::runner	INFO	Running command: "/usr/bin/firefox" "-marionette" "-foreground" "-no-remote" "-profile" "/tmp/rust_mozprofile.qexGtsgs2q0s"
1543523970783	Marionette	INFO	Listening on port 41157
1543523970889	Marionette	WARN	TLS certificate errors will be ignored for this session
1543524005101	mozrunner::runner	INFO	Running command: "/usr/bin/firefox" "-marionette" "-foreground" "-no-remote" "-profile" "/tmp/rust_mozprofile.58EsAD4NnaLk"
1543524008943	Marionette	INFO	Listening on port 43803
1543524009011	Marionette	WARN	TLS certificate errors will be ignored for this session
1543524053692	mozrunner::runner	INFO	Running command: "/usr/bin/firefox" "-marionette" "-foreground" "-no-remote" "-profile" "/tmp/rust_mozprofile.PUM5y2RzqYV3"
1543524057483	Marionette	INFO	Listening on port 34687
1543524057514	Marionette	WARN	TLS certificate errors will be ignored for this session
console.log: Accessibility service init or shutdown observer does not exist.
console.log: Accessibility service init or shutdown observer does not exist.
console.log: Accessibility service init or shutdown observer does not exist.
console.log: Accessibility service init or shutdown observer does not exist.
*** UTM:SVC TimerManager:registerTimer called after profile-before-change notification. Ignoring timer registration for id: telemetry_modules_ping
console.log: Accessibility service init or shutdown observer does not exist.
*** UTM:SVC TimerManager:registerTimer called after profile-before-change notification. Ignoring timer registration for id: telemetry_modules_ping
1543524681626	mozrunner::runner	INFO	Running command: "/usr/bin/firefox" "-marionette" "-foreground" "-no-remote" "-profile" "/tmp/rust_mozprofile.5B8IShIP8xAG"
1543524685257	Marionette	INFO	Listening on port 39099
1543524685337	Marionette	WARN	TLS certificate errors will be ignored for this session
